<?xml version="1.0" encoding="UTF-8"?>
<!-- Generated by org.testng.reporters.JUnitXMLReporter -->
<testsuite hostname="DSs-MacBook-Pro" ignored="0" name="Default test" tests="5" failures="0" timestamp="2022-02-18T13:04:38 PST" time="24.58" errors="0">
  <testcase name="getAllUser" time="6.161" classname="com.restapi.tests.TekarchAppTest_EndToEnd"/>
  <testcase name="login" time="0.257" classname="com.restapi.tests.TekarchAppTest_EndToEnd"/>
  <testcase name="testAddUser" time="8.194" classname="com.restapi.tests.TekarchAppTest_EndToEnd"/>
  <testcase name="testDeleteUser" time="2.282" classname="com.restapi.tests.TekarchAppTest_EndToEnd"/>
  <testcase name="testUpdateUser" time="7.343" classname="com.restapi.tests.TekarchAppTest_EndToEnd"/>
</testsuite> <!-- Default test -->
