<?xml version="1.0" encoding="UTF-8"?>
<!-- Generated by org.testng.reporters.JUnitXMLReporter -->
<testsuite hostname="DSs-MacBook-Pro" ignored="0" name="Default test" tests="5" failures="0" timestamp="2022-02-18T14:26:43 PST" time="32.31" errors="0">
  <testcase name="login" time="2.182" classname="com.restapi.tests.TekarchAppTest_EndToEnd"/>
  <testcase name="testAddUser" time="13.133" classname="com.restapi.tests.TekarchAppTest_EndToEnd"/>
  <testcase name="testDeleteUser" time="2.262" classname="com.restapi.tests.TekarchAppTest_EndToEnd"/>
  <testcase name="testGetAllUser" time="5.941" classname="com.restapi.tests.TekarchAppTest_EndToEnd"/>
  <testcase name="testUpdateUser" time="8.424" classname="com.restapi.tests.TekarchAppTest_EndToEnd"/>
</testsuite> <!-- Default test -->
