<?xml version="1.0" encoding="UTF-8"?>
<!-- Generated by org.testng.reporters.JUnitXMLReporter -->
<testsuite ignored="0" hostname="DSs-MacBook-Pro" failures="0" tests="5" name="TekarchAppTesting" time="29.423" errors="0" timestamp="2022-02-17T19:45:52 PST">
  <testcase classname="com.restapi.tests.TekarchAppTest" name="addUser" time="12.891"/>
  <testcase classname="com.restapi.tests.TekarchAppTest" name="deleteUser" time="0.233"/>
  <testcase classname="com.restapi.tests.TekarchAppTest" name="getAllUser" time="6.54"/>
  <testcase classname="com.restapi.tests.TekarchAppTest" name="login" time="0.208"/>
  <testcase classname="com.restapi.tests.TekarchAppTest" name="updateUser" time="9.026"/>
</testsuite> <!-- TekarchAppTesting -->
