<?xml version="1.0" encoding="UTF-8"?>
<testng-results skipped="0" failed="0" ignored="0" total="1" passed="1">
  <reporter-output>
  </reporter-output>
  <suite name="Default suite" duration-ms="15255" started-at="2022-02-18T16:22:19 PST" finished-at="2022-02-18T16:22:34 PST">
    <groups>
    </groups>
    <test name="Default test" duration-ms="15255" started-at="2022-02-18T16:22:19 PST" finished-at="2022-02-18T16:22:34 PST">
      <class name="com.restapi.CRUD.testDeleteUser">
        <test-method status="PASS" signature="setUp()[pri:0, instance:com.restapi.CRUD.testDeleteUser@86be70a]" name="setUp" is-config="true" duration-ms="373" started-at="2022-02-18T16:22:19 PST" finished-at="2022-02-18T16:22:19 PST">
          <reporter-output>
          </reporter-output>
        </test-method> <!-- setUp -->
        <test-method status="PASS" signature="deleteUser_TC()[pri:0, instance:com.restapi.CRUD.testDeleteUser@86be70a]" name="deleteUser_TC" duration-ms="14852" started-at="2022-02-18T16:22:19 PST" finished-at="2022-02-18T16:22:34 PST">
          <reporter-output>
          </reporter-output>
        </test-method> <!-- deleteUser_TC -->
      </class> <!-- com.restapi.CRUD.testDeleteUser -->
    </test> <!-- Default test -->
  </suite> <!-- Default suite -->
</testng-results>
